2023-6-20 09:12:44 - verbose: Arguments:
2023-6-20 09:12:45 - verbose:   E:\apps\CocosEditors\Creator\3.7.3\CocosCreator.exe: true
2023-6-20 09:12:45 - verbose:   project: E:\workspace\CocosDashBoard\3D-Jump
2023-6-20 09:12:45 - verbose:   dev: false
2023-6-20 09:12:45 - verbose:   home: C:\Users\admin\.CocosCreator
2023-6-20 09:12:45 - verbose:  
2023-6-20 09:12:49 - verbose: [Package] menu@1.0.0 enable
2023-6-20 09:12:49 - verbose: [Package] profile@1.0.0 enable
2023-6-20 09:12:49 - verbose: [Package] project@1.0.4 enable
2023-6-20 09:12:49 - verbose: [Package] messages@1.0.0 enable
2023-6-20 09:12:49 - verbose: [Package] program@1.0.3 enable
2023-6-20 09:12:49 - verbose: [Package] tester@1.0.0 enable
2023-6-20 09:12:49 - verbose: [Package] information@1.0.0 enable
2023-6-20 09:12:49 - verbose: [Package] preferences@1.0.0 enable
2023-6-20 09:12:54 - log: Load engine in E:\apps\CocosEditors\Creator\3.7.3\resources\resources\3d\engine
2023-6-20 09:12:54 - log: Register native engine in E:\apps\CocosEditors\Creator\3.7.3\resources\resources\3d\engine\native
2023-6-20 09:12:54 - verbose: [Package] engine@1.0.7 enable
2023-6-20 09:12:55 - verbose: [Package] programming@1.0.0 enable
2023-6-20 09:12:55 - verbose: [Package] device@1.0.1 enable
2023-6-20 09:12:55 - verbose: [Package] ui-kit@1.0.1 enable
2023-6-20 09:12:56 - verbose: [Package] asset-db@1.0.0 enable
2023-6-20 09:12:56 - verbose: [Package] scene@1.0.0 enable
2023-6-20 09:12:56 - verbose: [Package] server@1.0.0 enable
2023-6-20 09:12:56 - verbose: [Package] utils@1.0.0 enable
2023-6-20 09:13:06 - verbose: [Package] preview@1.0.1 enable
2023-6-20 09:13:06 - verbose: [Package] animator@1.0.0 enable
2023-6-20 09:13:06 - verbose: [Build-plugin] register pkg scene: 1ms
2023-6-20 09:13:06 - verbose: Builder PluginManager init: 2ms
2023-6-20 09:13:06 - verbose: [Package] builder@1.3.5 enable
2023-6-20 09:13:06 - verbose: [Package] shortcuts@1.0.1 enable
2023-6-20 09:13:06 - verbose: [Package] animation-graph@1.0.0 enable
2023-6-20 09:13:06 - verbose: [Package] about@1.0.2 enable
2023-6-20 09:13:06 - verbose: [Package] assets@1.0.0 enable
2023-6-20 09:13:06 - verbose: [Package] console@1.0.0 enable
2023-6-20 09:13:07 - verbose: [Package] crash-reporter@1.0.0 enable
2023-6-20 09:13:07 - verbose: [Package] extension@3.1.1 enable
2023-6-20 09:13:07 - verbose: [Package] hierarchy@1.0.0 enable
2023-6-20 09:13:07 - verbose: [Package] inspector@1.0.0 enable
2023-6-20 09:13:07 - verbose: [Package] light-probe@1.0.4 enable
2023-6-20 09:13:07 - verbose: [Package] lightmap@1.0.4 enable
2023-6-20 09:13:08 - verbose: [Package] cocos-service@3.0.7 enable
2023-6-20 09:13:08 - verbose: [Build-plugin] register pkg cocos-service: 32ms
2023-6-20 09:13:08 - verbose: [Package] node-library@1.0.1 enable
2023-6-20 09:13:08 - verbose: [Package] package-asset@1.0.1 enable
2023-6-20 09:13:08 - verbose: [Package] process@1.0.0 enable
2023-6-20 09:13:08 - verbose: [Package] reference-image@1.0.0 enable
2023-6-20 09:13:08 - verbose: [Package] reflection-probe@1.0.4 enable
2023-6-20 09:13:08 - verbose: [Package] engine-extends@1.0.0 enable
2023-6-20 09:13:08 - verbose: [Package] alipay-mini-game@1.0.1 enable
2023-6-20 09:13:08 - verbose: [Package] android@1.0.1 enable
2023-6-20 09:13:08 - verbose: [Package] bytedance-mini-game@1.0.2 enable
2023-6-20 09:13:08 - verbose: [Package] certificate@1.0.0 enable
2023-6-20 09:13:08 - verbose: [Package] channel-upload-tools@1.0.0 enable
2023-6-20 09:13:08 - verbose: [Package] fb-instant-games@1.0.0 enable
2023-6-20 09:13:08 - verbose: [Package] huawei-agc@1.0.0 enable
2023-6-20 09:13:08 - verbose: [Package] huawei-quick-game@1.0.1 enable
2023-6-20 09:13:08 - verbose: [Build-plugin] register pkg android: 297ms
2023-6-20 09:13:08 - verbose: [Package] ios@1.0.0 enable
2023-6-20 09:13:08 - verbose: [Package] linux@1.0.0 enable
2023-6-20 09:13:08 - verbose: [Build-plugin] register pkg huawei-agc: 144ms
2023-6-20 09:13:08 - verbose: [Package] mac@1.0.0 enable
2023-6-20 09:13:08 - verbose: [Build-plugin] register pkg fb-instant-games: 216ms
2023-6-20 09:13:08 - verbose: [Build-plugin] register pkg bytedance-mini-game: 309ms
2023-6-20 09:13:09 - verbose: [Package] native@1.0.2 enable
2023-6-20 09:13:09 - verbose: [Build-plugin] register pkg native: 41ms
2023-6-20 09:13:09 - verbose: [Package] ohos@1.0.0 enable
2023-6-20 09:13:09 - verbose: [Build-plugin] register pkg huawei-quick-game: 255ms
2023-6-20 09:13:09 - verbose: [Build-plugin] register pkg ios: 185ms
2023-6-20 09:13:09 - verbose: [Package] open-harmonyos@1.0.0 enable
2023-6-20 09:13:09 - verbose: [Package] oppo-mini-game@1.0.1 enable
2023-6-20 09:13:09 - verbose: [Package] runtime-dev-tools@1.0.0 enable
2023-6-20 09:13:09 - verbose: [Build-plugin] register pkg mac: 212ms
2023-6-20 09:13:09 - verbose: [Package] taobao-creative-app@1.0.0 enable
2023-6-20 09:13:09 - verbose: [Package] taobao-mini-game@1.0.0 enable
2023-6-20 09:13:09 - verbose: [Package] vivo-mini-game@1.0.1 enable
2023-6-20 09:13:09 - verbose: [Package] web-desktop@1.0.1 enable
2023-6-20 09:13:09 - verbose: [Build-plugin] register pkg ohos: 261ms
2023-6-20 09:13:09 - verbose: [Build-plugin] register pkg oppo-mini-game: 208ms
2023-6-20 09:13:09 - verbose: [Build-plugin] register pkg taobao-creative-app: 161ms
2023-6-20 09:13:09 - verbose: [Package] web-mobile@1.0.1 enable
2023-6-20 09:13:09 - verbose: [Build-plugin] register pkg taobao-mini-game: 165ms
2023-6-20 09:13:09 - verbose: [Package] wechatgame@1.0.2 enable
2023-6-20 09:13:09 - verbose: [Package] wechatprogram@1.0.2 enable
2023-6-20 09:13:09 - verbose: [Build-plugin] register pkg web-desktop: 113ms
2023-6-20 09:13:09 - verbose: [Package] windows@1.0.1 enable
2023-6-20 09:13:09 - verbose: [Package] xiaomi-quick-game@1.0.1 enable
2023-6-20 09:13:09 - verbose: [Build-plugin] register pkg web-mobile: 130ms
2023-6-20 09:13:10 - verbose: [Package] im-plugin@3.0.10 enable
2023-6-20 09:13:10 - verbose: [Build-plugin] register pkg wechatgame: 724ms
2023-6-20 09:13:10 - verbose: [Build-plugin] register pkg vivo-mini-game: 885ms
2023-6-20 09:13:10 - verbose: [Build-plugin] register pkg windows: 670ms
2023-6-20 09:13:10 - verbose: asset-db is ready!
2023-6-20 09:13:10 - verbose: [Package] placeholder@1.0.0 enable
2023-6-20 09:13:10 - verbose: [Build-plugin] register pkg xiaomi-quick-game: 728ms
2023-6-20 09:13:13 - info: [Scene] [Physics][Bullet]: Using asmjs Bullet libs.
2023-6-20 09:13:13 - info: [Scene] [PHYSICS]: using builtin.
2023-6-20 09:13:14 - log: [Scene] Cocos Creator v3.7.3
2023-6-20 09:13:14 - info: [Scene] Forward render pipeline initialized.
2023-6-20 09:13:14 - info: [Scene] [PHYSICS]: switch from builtin to bullet.
2023-6-20 09:13:14 - info: [Scene] [PHYSICS2D]: switch from builtin to box2d.
2023-6-20 09:17:11 - log: [Window] Deprecated as of 10.7.0. highlight(lang, code, ...args) has been deprecated.
2023-6-20 09:17:11 - log: [Window] Deprecated as of 10.7.0. Please use highlight(code, options) instead.
https://github.com/highlightjs/highlight.js/issues/2277
