debug: Tue, 20 Jun 2023 01:13:06 GMT
debug: Project: E:\workspace\CocosDashBoard\3D-Jump
debug: Targets: editor,preview
debug: Incremental file seems great.
debug: Engine path: E:\apps\CocosEditors\Creator\3.7.3\resources\resources\3d\engine
debug: Initializing target [Editor]
debug: Loading cache
debug: Loading cache costs 43.871899999910966ms.
debug: Engine features shipped in editor: base,gfx-webgl,gfx-webgl2,gfx-empty,3d,animation,skeletal-animation,2d,ui,particle,particle-2d,physics-framework,physics-2d-framework,intersection-2d,primitive,profiler,occlusion-query,geometry-renderer,debug-renderer,audio,video,xr,light-probe,terrain,webview,tween,tiled-map,spine,dragon-bones,marionette,custom-pipeline,websocket,websocket-server
debug: Our import map(foo:/bar): {
  "imports": {
    "cc": "cce:/internal/x/cc"
  }
}
debug: Initializing target [Preview]
debug: Loading cache
debug: Loading cache costs 52.48220000008587ms.
debug: Our import map(foo:/bar): {
  "imports": {
    "cc": "cce:/internal/x/cc"
  }
}
debug: Sync engine features: 2d,3d,animation,audio,base,dragon-bones,gfx-webgl,gfx-webgl2,intersection-2d,light-probe,marionette,particle,particle-2d,physics-2d-box2d,physics-ammo,primitive,profiler,skeletal-animation,spine,terrain,tiled-map,tween,ui,video,websocket,webview
debug: Reset databases. Enumerated domains: [
  {
    "root": "db://internal/",
    "physical": "E:\\apps\\CocosEditors\\Creator\\3.7.3\\resources\\resources\\3d\\engine\\editor\\assets"
  },
  {
    "root": "db://assets/",
    "physical": "E:\\workspace\\CocosDashBoard\\3D-Jump\\assets"
  }
]
debug: Our import map(foo:/bar): {
  "imports": {
    "cc": "cce:/internal/x/cc",
    "db://internal/": "file:///E:/apps/CocosEditors/Creator/3.7.3/resources/resources/3d/engine/editor/assets/",
    "db://assets/": "file:///E:/workspace/CocosDashBoard/3D-Jump/assets/"
  }
}
debug: Our import map(foo:/bar): {
  "imports": {
    "cc": "cce:/internal/x/cc",
    "db://internal/": "file:///E:/apps/CocosEditors/Creator/3.7.3/resources/resources/3d/engine/editor/assets/",
    "db://assets/": "file:///E:/workspace/CocosDashBoard/3D-Jump/assets/"
  }
}
debug: Pulling asset-db.
debug: Fetch asset-db cost: 5.759599999990314ms.
debug: Build iteration starts.
Number of accumulated asset changes: 3
Feature changed: false
debug: Target(editor) build started.
debug: Detected change: cce:/internal/x/cc. Last mtime: Thu Jan 01 1970 08:00:14 GMT+0800 (中国标准时间), Current mtime: Thu Jan 01 1970 08:00:11 GMT+0800 (中国标准时间)
debug: Inspect cce:/internal/x/cc
debug: Resolve cce:/internal/x/cc-fu/base from cce:/internal/x/cc as external dependency cce:/internal/x/cc-fu/base.
debug: Resolve cce:/internal/x/cc-fu/gfx-webgl from cce:/internal/x/cc as external dependency cce:/internal/x/cc-fu/gfx-webgl.
debug: Resolve cce:/internal/x/cc-fu/gfx-webgl2 from cce:/internal/x/cc as external dependency cce:/internal/x/cc-fu/gfx-webgl2.
debug: Resolve cce:/internal/x/cc-fu/gfx-empty from cce:/internal/x/cc as external dependency cce:/internal/x/cc-fu/gfx-empty.
debug: Resolve cce:/internal/x/cc-fu/3d from cce:/internal/x/cc as external dependency cce:/internal/x/cc-fu/3d.
debug: Resolve cce:/internal/x/cc-fu/animation from cce:/internal/x/cc as external dependency cce:/internal/x/cc-fu/animation.
debug: Resolve cce:/internal/x/cc-fu/skeletal-animation from cce:/internal/x/cc as external dependency cce:/internal/x/cc-fu/skeletal-animation.
debug: Resolve cce:/internal/x/cc-fu/2d from cce:/internal/x/cc as external dependency cce:/internal/x/cc-fu/2d.
debug: Resolve cce:/internal/x/cc-fu/sorting from cce:/internal/x/cc as external dependency cce:/internal/x/cc-fu/sorting.
debug: Resolve cce:/internal/x/cc-fu/ui from cce:/internal/x/cc as external dependency cce:/internal/x/cc-fu/ui.
debug: Resolve cce:/internal/x/cc-fu/particle from cce:/internal/x/cc as external dependency cce:/internal/x/cc-fu/particle.
debug: Resolve cce:/internal/x/cc-fu/particle-2d from cce:/internal/x/cc as external dependency cce:/internal/x/cc-fu/particle-2d.
debug: Resolve cce:/internal/x/cc-fu/physics-framework from cce:/internal/x/cc as external dependency cce:/internal/x/cc-fu/physics-framework.
debug: Resolve cce:/internal/x/cc-fu/physics-2d-framework from cce:/internal/x/cc as external dependency cce:/internal/x/cc-fu/physics-2d-framework.
debug: Resolve cce:/internal/x/cc-fu/intersection-2d from cce:/internal/x/cc as external dependency cce:/internal/x/cc-fu/intersection-2d.
debug: Resolve cce:/internal/x/cc-fu/primitive from cce:/internal/x/cc as external dependency cce:/internal/x/cc-fu/primitive.
debug: Resolve cce:/internal/x/cc-fu/profiler from cce:/internal/x/cc as external dependency cce:/internal/x/cc-fu/profiler.
debug: Resolve cce:/internal/x/cc-fu/geometry-renderer from cce:/internal/x/cc as external dependency cce:/internal/x/cc-fu/geometry-renderer.
debug: Resolve cce:/internal/x/cc-fu/audio from cce:/internal/x/cc as external dependency cce:/internal/x/cc-fu/audio.
debug: Resolve cce:/internal/x/cc-fu/video from cce:/internal/x/cc as external dependency cce:/internal/x/cc-fu/video.
debug: Resolve cce:/internal/x/cc-fu/xr from cce:/internal/x/cc as external dependency cce:/internal/x/cc-fu/xr.
debug: Resolve cce:/internal/x/cc-fu/light-probe from cce:/internal/x/cc as external dependency cce:/internal/x/cc-fu/light-probe.
debug: Resolve cce:/internal/x/cc-fu/terrain from cce:/internal/x/cc as external dependency cce:/internal/x/cc-fu/terrain.
debug: Resolve cce:/internal/x/cc-fu/webview from cce:/internal/x/cc as external dependency cce:/internal/x/cc-fu/webview.
debug: Resolve cce:/internal/x/cc-fu/tween from cce:/internal/x/cc as external dependency cce:/internal/x/cc-fu/tween.
debug: Resolve cce:/internal/x/cc-fu/tiled-map from cce:/internal/x/cc as external dependency cce:/internal/x/cc-fu/tiled-map.
debug: Resolve cce:/internal/x/cc-fu/spine from cce:/internal/x/cc as external dependency cce:/internal/x/cc-fu/spine.
debug: Resolve cce:/internal/x/cc-fu/dragon-bones from cce:/internal/x/cc as external dependency cce:/internal/x/cc-fu/dragon-bones.
debug: Resolve cce:/internal/x/cc-fu/custom-pipeline from cce:/internal/x/cc as external dependency cce:/internal/x/cc-fu/custom-pipeline.
debug: Detected change: cce:/internal/x/prerequisite-imports. Last mtime: Thu Jan 01 1970 12:48:21 GMT+0800 (中国标准时间), Current mtime: Thu Jan 01 1970 08:00:11 GMT+0800 (中国标准时间)
debug: Inspect cce:/internal/x/prerequisite-imports
debug: Resolve file:///E:/apps/CocosEditors/Creator/3.7.3/resources/resources/3d/engine/editor/assets/tools/debug-view-runtime-control.ts from cce:/internal/x/prerequisite-imports as file:///E:/apps/CocosEditors/Creator/3.7.3/resources/resources/3d/engine/editor/assets/tools/debug-view-runtime-control.ts.
debug: Resolve cc from file:///E:/apps/CocosEditors/Creator/3.7.3/resources/resources/3d/engine/editor/assets/tools/debug-view-runtime-control.ts as cce:/internal/x/cc.
debug: Resolve cc from file:///E:/apps/CocosEditors/Creator/3.7.3/resources/resources/3d/engine/editor/assets/tools/debug-view-runtime-control.ts as cce:/internal/x/cc.
debug: Resolve cc from file:///E:/apps/CocosEditors/Creator/3.7.3/resources/resources/3d/engine/editor/assets/tools/debug-view-runtime-control.ts as cce:/internal/x/cc.
debug: Resolve file:///E:/workspace/CocosDashBoard/3D-Jump/assets/Scripts/GameManager.ts from cce:/internal/x/prerequisite-imports as file:///E:/workspace/CocosDashBoard/3D-Jump/assets/Scripts/GameManager.ts.
debug: Resolve cce:/internal/code-quality/cr.mjs from file:///E:/workspace/CocosDashBoard/3D-Jump/assets/Scripts/GameManager.ts as cce:/internal/code-quality/cr.mjs.
debug: Detected change: cce:/internal/code-quality/cr.mjs. Last mtime: Mon Jun 19 2023 16:09:20 GMT+0800 (中国标准时间), Current mtime: Tue Jun 20 2023 09:12:54 GMT+0800 (中国标准时间)
debug: Inspect cce:/internal/code-quality/cr.mjs
debug: Resolve cc from file:///E:/workspace/CocosDashBoard/3D-Jump/assets/Scripts/GameManager.ts as cce:/internal/x/cc.
debug: Resolve cc from file:///E:/workspace/CocosDashBoard/3D-Jump/assets/Scripts/GameManager.ts as cce:/internal/x/cc.
debug: Resolve cc from file:///E:/workspace/CocosDashBoard/3D-Jump/assets/Scripts/GameManager.ts as cce:/internal/x/cc.
debug: Resolve ./PlayerController from file:///E:/workspace/CocosDashBoard/3D-Jump/assets/Scripts/GameManager.ts as file:///E:/workspace/CocosDashBoard/3D-Jump/assets/Scripts/PlayerController.ts.
debug: Resolve cc from file:///E:/workspace/CocosDashBoard/3D-Jump/assets/Scripts/PlayerController.ts as cce:/internal/x/cc.
debug: Resolve cc from file:///E:/workspace/CocosDashBoard/3D-Jump/assets/Scripts/PlayerController.ts as cce:/internal/x/cc.
debug: Resolve cc from file:///E:/workspace/CocosDashBoard/3D-Jump/assets/Scripts/PlayerController.ts as cce:/internal/x/cc.
debug: Resolve file:///E:/workspace/CocosDashBoard/3D-Jump/assets/Scripts/PlayerController.ts from cce:/internal/x/prerequisite-imports as file:///E:/workspace/CocosDashBoard/3D-Jump/assets/Scripts/PlayerController.ts.
debug: Target(editor) ends with cost 74.91930000006687ms.
debug: Target(preview) build started.
debug: Detected change: cce:/internal/x/cc. Last mtime: Thu Jan 01 1970 08:00:14 GMT+0800 (中国标准时间), Current mtime: Thu Jan 01 1970 08:00:11 GMT+0800 (中国标准时间)
debug: Inspect cce:/internal/x/cc
debug: Resolve cce:/internal/x/cc-fu/2d from cce:/internal/x/cc as external dependency cce:/internal/x/cc-fu/2d.
debug: Resolve cce:/internal/x/cc-fu/sorting from cce:/internal/x/cc as external dependency cce:/internal/x/cc-fu/sorting.
debug: Resolve cce:/internal/x/cc-fu/3d from cce:/internal/x/cc as external dependency cce:/internal/x/cc-fu/3d.
debug: Resolve cce:/internal/x/cc-fu/animation from cce:/internal/x/cc as external dependency cce:/internal/x/cc-fu/animation.
debug: Resolve cce:/internal/x/cc-fu/audio from cce:/internal/x/cc as external dependency cce:/internal/x/cc-fu/audio.
debug: Resolve cce:/internal/x/cc-fu/base from cce:/internal/x/cc as external dependency cce:/internal/x/cc-fu/base.
debug: Resolve cce:/internal/x/cc-fu/dragon-bones from cce:/internal/x/cc as external dependency cce:/internal/x/cc-fu/dragon-bones.
debug: Resolve cce:/internal/x/cc-fu/gfx-webgl from cce:/internal/x/cc as external dependency cce:/internal/x/cc-fu/gfx-webgl.
debug: Resolve cce:/internal/x/cc-fu/gfx-webgl2 from cce:/internal/x/cc as external dependency cce:/internal/x/cc-fu/gfx-webgl2.
debug: Resolve cce:/internal/x/cc-fu/intersection-2d from cce:/internal/x/cc as external dependency cce:/internal/x/cc-fu/intersection-2d.
debug: Resolve cce:/internal/x/cc-fu/light-probe from cce:/internal/x/cc as external dependency cce:/internal/x/cc-fu/light-probe.
debug: Resolve cce:/internal/x/cc-fu/particle from cce:/internal/x/cc as external dependency cce:/internal/x/cc-fu/particle.
debug: Resolve cce:/internal/x/cc-fu/particle-2d from cce:/internal/x/cc as external dependency cce:/internal/x/cc-fu/particle-2d.
debug: Resolve cce:/internal/x/cc-fu/physics-2d-box2d from cce:/internal/x/cc as external dependency cce:/internal/x/cc-fu/physics-2d-box2d.
debug: Resolve cce:/internal/x/cc-fu/physics-2d-framework from cce:/internal/x/cc as external dependency cce:/internal/x/cc-fu/physics-2d-framework.
debug: Resolve cce:/internal/x/cc-fu/physics-ammo from cce:/internal/x/cc as external dependency cce:/internal/x/cc-fu/physics-ammo.
debug: Resolve cce:/internal/x/cc-fu/physics-framework from cce:/internal/x/cc as external dependency cce:/internal/x/cc-fu/physics-framework.
debug: Resolve cce:/internal/x/cc-fu/wait-for-ammo-instantiation from cce:/internal/x/cc as external dependency cce:/internal/x/cc-fu/wait-for-ammo-instantiation.
debug: Resolve cce:/internal/x/cc-fu/primitive from cce:/internal/x/cc as external dependency cce:/internal/x/cc-fu/primitive.
debug: Resolve cce:/internal/x/cc-fu/profiler from cce:/internal/x/cc as external dependency cce:/internal/x/cc-fu/profiler.
debug: Resolve cce:/internal/x/cc-fu/skeletal-animation from cce:/internal/x/cc as external dependency cce:/internal/x/cc-fu/skeletal-animation.
debug: Resolve cce:/internal/x/cc-fu/spine from cce:/internal/x/cc as external dependency cce:/internal/x/cc-fu/spine.
debug: Resolve cce:/internal/x/cc-fu/terrain from cce:/internal/x/cc as external dependency cce:/internal/x/cc-fu/terrain.
debug: Resolve cce:/internal/x/cc-fu/tiled-map from cce:/internal/x/cc as external dependency cce:/internal/x/cc-fu/tiled-map.
debug: Resolve cce:/internal/x/cc-fu/tween from cce:/internal/x/cc as external dependency cce:/internal/x/cc-fu/tween.
debug: Resolve cce:/internal/x/cc-fu/ui from cce:/internal/x/cc as external dependency cce:/internal/x/cc-fu/ui.
debug: Resolve cce:/internal/x/cc-fu/video from cce:/internal/x/cc as external dependency cce:/internal/x/cc-fu/video.
debug: Resolve cce:/internal/x/cc-fu/webview from cce:/internal/x/cc as external dependency cce:/internal/x/cc-fu/webview.
debug: Detected change: cce:/internal/x/prerequisite-imports. Last mtime: Thu Jan 01 1970 12:48:22 GMT+0800 (中国标准时间), Current mtime: Thu Jan 01 1970 08:00:11 GMT+0800 (中国标准时间)
debug: Inspect cce:/internal/x/prerequisite-imports
debug: Resolve file:///E:/apps/CocosEditors/Creator/3.7.3/resources/resources/3d/engine/editor/assets/tools/debug-view-runtime-control.ts from cce:/internal/x/prerequisite-imports as file:///E:/apps/CocosEditors/Creator/3.7.3/resources/resources/3d/engine/editor/assets/tools/debug-view-runtime-control.ts.
debug: Resolve cc from file:///E:/apps/CocosEditors/Creator/3.7.3/resources/resources/3d/engine/editor/assets/tools/debug-view-runtime-control.ts as cce:/internal/x/cc.
debug: Resolve cc from file:///E:/apps/CocosEditors/Creator/3.7.3/resources/resources/3d/engine/editor/assets/tools/debug-view-runtime-control.ts as cce:/internal/x/cc.
debug: Resolve cc from file:///E:/apps/CocosEditors/Creator/3.7.3/resources/resources/3d/engine/editor/assets/tools/debug-view-runtime-control.ts as cce:/internal/x/cc.
debug: Resolve file:///E:/workspace/CocosDashBoard/3D-Jump/assets/Scripts/GameManager.ts from cce:/internal/x/prerequisite-imports as file:///E:/workspace/CocosDashBoard/3D-Jump/assets/Scripts/GameManager.ts.
debug: Resolve cce:/internal/code-quality/cr.mjs from file:///E:/workspace/CocosDashBoard/3D-Jump/assets/Scripts/GameManager.ts as cce:/internal/code-quality/cr.mjs.
debug: Detected change: cce:/internal/code-quality/cr.mjs. Last mtime: Mon Jun 19 2023 16:09:20 GMT+0800 (中国标准时间), Current mtime: Tue Jun 20 2023 09:12:54 GMT+0800 (中国标准时间)
debug: Inspect cce:/internal/code-quality/cr.mjs
debug: Resolve cc from file:///E:/workspace/CocosDashBoard/3D-Jump/assets/Scripts/GameManager.ts as cce:/internal/x/cc.
debug: Resolve cc from file:///E:/workspace/CocosDashBoard/3D-Jump/assets/Scripts/GameManager.ts as cce:/internal/x/cc.
debug: Resolve cc from file:///E:/workspace/CocosDashBoard/3D-Jump/assets/Scripts/GameManager.ts as cce:/internal/x/cc.
debug: Resolve ./PlayerController from file:///E:/workspace/CocosDashBoard/3D-Jump/assets/Scripts/GameManager.ts as file:///E:/workspace/CocosDashBoard/3D-Jump/assets/Scripts/PlayerController.ts.
debug: Resolve cc from file:///E:/workspace/CocosDashBoard/3D-Jump/assets/Scripts/PlayerController.ts as cce:/internal/x/cc.
debug: Resolve cc from file:///E:/workspace/CocosDashBoard/3D-Jump/assets/Scripts/PlayerController.ts as cce:/internal/x/cc.
debug: Resolve cc from file:///E:/workspace/CocosDashBoard/3D-Jump/assets/Scripts/PlayerController.ts as cce:/internal/x/cc.
debug: Resolve file:///E:/workspace/CocosDashBoard/3D-Jump/assets/Scripts/PlayerController.ts from cce:/internal/x/prerequisite-imports as file:///E:/workspace/CocosDashBoard/3D-Jump/assets/Scripts/PlayerController.ts.
debug: Target(preview) ends with cost 150.7101000000257ms.
debug: Pulling asset-db.
debug: Fetch asset-db cost: 62.65689999994356ms.
debug: Build iteration starts.
Number of accumulated asset changes: 3
Feature changed: false
debug: Target(editor) build started.
debug: Detected change: cce:/internal/x/prerequisite-imports. Last mtime: Thu Jan 01 1970 08:00:11 GMT+0800 (中国标准时间), Current mtime: Thu Jan 01 1970 08:00:15 GMT+0800 (中国标准时间)
debug: Inspect cce:/internal/x/prerequisite-imports
debug: Resolve file:///E:/apps/CocosEditors/Creator/3.7.3/resources/resources/3d/engine/editor/assets/tools/debug-view-runtime-control.ts from cce:/internal/x/prerequisite-imports as file:///E:/apps/CocosEditors/Creator/3.7.3/resources/resources/3d/engine/editor/assets/tools/debug-view-runtime-control.ts.
debug: Resolve file:///E:/workspace/CocosDashBoard/3D-Jump/assets/Scripts/GameManager.ts from cce:/internal/x/prerequisite-imports as file:///E:/workspace/CocosDashBoard/3D-Jump/assets/Scripts/GameManager.ts.
debug: Resolve file:///E:/workspace/CocosDashBoard/3D-Jump/assets/Scripts/PlayerController.ts from cce:/internal/x/prerequisite-imports as file:///E:/workspace/CocosDashBoard/3D-Jump/assets/Scripts/PlayerController.ts.
debug: Target(editor) ends with cost 20.917699999990873ms.
debug: Target(preview) build started.
debug: Detected change: cce:/internal/x/prerequisite-imports. Last mtime: Thu Jan 01 1970 08:00:11 GMT+0800 (中国标准时间), Current mtime: Thu Jan 01 1970 08:00:15 GMT+0800 (中国标准时间)
debug: Inspect cce:/internal/x/prerequisite-imports
debug: Resolve file:///E:/apps/CocosEditors/Creator/3.7.3/resources/resources/3d/engine/editor/assets/tools/debug-view-runtime-control.ts from cce:/internal/x/prerequisite-imports as file:///E:/apps/CocosEditors/Creator/3.7.3/resources/resources/3d/engine/editor/assets/tools/debug-view-runtime-control.ts.
debug: Resolve file:///E:/workspace/CocosDashBoard/3D-Jump/assets/Scripts/GameManager.ts from cce:/internal/x/prerequisite-imports as file:///E:/workspace/CocosDashBoard/3D-Jump/assets/Scripts/GameManager.ts.
debug: Resolve file:///E:/workspace/CocosDashBoard/3D-Jump/assets/Scripts/PlayerController.ts from cce:/internal/x/prerequisite-imports as file:///E:/workspace/CocosDashBoard/3D-Jump/assets/Scripts/PlayerController.ts.
debug: Target(preview) ends with cost 16.625500000081956ms.
